app/build/intermediates/manifest_merge_blame_file/release/manifest-merger-blame-release-report.txt
1<?xml version="1.0" encoding="utf-8"?>
2<manifest xmlns:android="http://schemas.android.com/apk/res/android"
3    package="med.Save.medsaveinv"
4    android:versionCode="2008"
5    android:versionName="2.0.0.8" >
6
7    <uses-sdk
8        android:minSdkVersion="24"
9        android:targetSdkVersion="34" />
10
11    <uses-permission android:name="android.permission.INTERNET" />
11-->src\main\AndroidManifest.xml:5:5-67
11-->src\main\AndroidManifest.xml:5:22-64
12
13    <uses-feature
13-->src\main\AndroidManifest.xml:7:5-9:36
14        android:name="android.hardware.camera"
14-->src\main\AndroidManifest.xml:8:9-47
15        android:required="false" />
15-->src\main\AndroidManifest.xml:9:9-33
16
17    <uses-permission android:name="android.permission.ACCESS_NETWORK_STATE" />
17-->src\main\AndroidManifest.xml:11:5-79
17-->src\main\AndroidManifest.xml:11:22-76
18    <uses-permission android:name="android.permission.CAMERA" />
18-->src\main\AndroidManifest.xml:12:5-65
18-->src\main\AndroidManifest.xml:12:22-62
19    <uses-permission android:name="android.permission.ACCESS_FINE_LOCATION" />
19-->src\main\AndroidManifest.xml:13:5-15:45
19-->src\main\AndroidManifest.xml:14:9-63
20    <uses-permission android:name="android.permission.READ_PHONE_NUMBERS" />
20-->src\main\AndroidManifest.xml:16:5-77
20-->src\main\AndroidManifest.xml:16:22-74
21    <uses-permission
21-->src\main\AndroidManifest.xml:17:5-20:40
22        android:name="android.permission.WRITE_EXTERNAL_STORAGE"
22-->src\main\AndroidManifest.xml:18:9-65
23        android:maxSdkVersion="32" />
23-->src\main\AndroidManifest.xml:19:9-35
24
25    <uses-feature
25-->src\main\AndroidManifest.xml:7:5-9:36
26        android:name="android.hardware.camera"
26-->src\main\AndroidManifest.xml:8:9-47
27        android:required="false" />
27-->src\main\AndroidManifest.xml:9:9-33
28
29    <uses-permission android:name="android.permission.CAMERA" />
29-->src\main\AndroidManifest.xml:12:5-65
29-->src\main\AndroidManifest.xml:12:22-62
30    <uses-permission
30-->src\main\AndroidManifest.xml:17:5-20:40
31        android:name="android.permission.WRITE_EXTERNAL_STORAGE"
31-->src\main\AndroidManifest.xml:18:9-65
32        android:maxSdkVersion="32" />
32-->src\main\AndroidManifest.xml:19:9-35
33    <uses-permission
33-->src\main\AndroidManifest.xml:17:5-20:40
34        android:name="android.permission.WRITE_EXTERNAL_STORAGE"
34-->src\main\AndroidManifest.xml:18:9-65
35        android:maxSdkVersion="32" />
35-->src\main\AndroidManifest.xml:19:9-35
36    <uses-permission android:name="android.permission.CAMERA" />
36-->src\main\AndroidManifest.xml:12:5-65
36-->src\main\AndroidManifest.xml:12:22-62
37
38    <uses-feature android:name="android.hardware.camera.autofocus" />
38-->src\main\AndroidManifest.xml:38:5-70
38-->src\main\AndroidManifest.xml:38:19-67
39
40    <uses-permission android:name="android.permission.ACCESS_FINE_LOCATION" />
40-->src\main\AndroidManifest.xml:13:5-15:45
40-->src\main\AndroidManifest.xml:14:9-63
41    <uses-permission android:name="android.permission.ACCESS_COARSE_LOCATION" />
41-->src\main\AndroidManifest.xml:42:5-80
41-->src\main\AndroidManifest.xml:42:22-78
42    <uses-permission
42-->src\main\AndroidManifest.xml:17:5-20:40
43        android:name="android.permission.WRITE_EXTERNAL_STORAGE"
43-->src\main\AndroidManifest.xml:18:9-65
44        android:maxSdkVersion="32" />
44-->src\main\AndroidManifest.xml:19:9-35
45    <uses-permission android:name="android.permission.READ_EXTERNAL_STORAGE" />
45-->src\main\AndroidManifest.xml:46:5-79
45-->src\main\AndroidManifest.xml:46:22-77
46
47    <meta-data
47-->src\main\AndroidManifest.xml:120:5-122:33
48        android:name="firebase_crashlytics_collection_enabled"
48-->src\main\AndroidManifest.xml:121:9-63
49        android:value="false" />
49-->src\main\AndroidManifest.xml:122:9-30
50
51    <uses-permission android:name="android.permission.WAKE_LOCK" />
51-->[com.google.android.gms:play-services-measurement-api:21.6.2] AndroidManifest.xml:24:5-68
51-->[com.google.android.gms:play-services-measurement-api:21.6.2] AndroidManifest.xml:24:22-65
52    <uses-permission android:name="com.google.android.gms.permission.AD_ID" />
52-->[com.google.android.gms:play-services-measurement-api:21.6.2] AndroidManifest.xml:25:5-79
52-->[com.google.android.gms:play-services-measurement-api:21.6.2] AndroidManifest.xml:25:22-76
53    <uses-permission android:name="android.permission.ACCESS_ADSERVICES_ATTRIBUTION" />
53-->[com.google.android.gms:play-services-measurement-api:21.6.2] AndroidManifest.xml:26:5-88
53-->[com.google.android.gms:play-services-measurement-api:21.6.2] AndroidManifest.xml:26:22-85
54    <uses-permission android:name="android.permission.ACCESS_ADSERVICES_AD_ID" />
54-->[com.google.android.gms:play-services-measurement-api:21.6.2] AndroidManifest.xml:27:5-82
54-->[com.google.android.gms:play-services-measurement-api:21.6.2] AndroidManifest.xml:27:22-79
55    <uses-permission android:name="com.google.android.finsky.permission.BIND_GET_INSTALL_REFERRER_SERVICE" /> <!-- This permission is required to start foreground services in Android P. -->
55-->[com.google.android.gms:play-services-measurement:21.6.2] AndroidManifest.xml:26:5-110
55-->[com.google.android.gms:play-services-measurement:21.6.2] AndroidManifest.xml:26:22-107
56    <uses-permission android:name="android.permission.FOREGROUND_SERVICE" />
56-->[com.google.android.gms:play-services-cast-framework:21.4.0] AndroidManifest.xml:12:5-77
56-->[com.google.android.gms:play-services-cast-framework:21.4.0] AndroidManifest.xml:12:22-74
57
58    <queries>
58-->[com.google.android.gms:play-services-cast-framework:21.4.0] AndroidManifest.xml:14:5-16:15
59        <package android:name="com.google.android.gms.policy_cast_dynamite" />
59-->[com.google.android.gms:play-services-cast-framework:21.4.0] AndroidManifest.xml:15:9-79
59-->[com.google.android.gms:play-services-cast-framework:21.4.0] AndroidManifest.xml:15:18-76
60    </queries>
61
62    <uses-permission android:name="android.permission.USE_BIOMETRIC" /> <!-- suppress DeprecatedClassUsageInspection -->
62-->[androidx.biometric:biometric:1.1.0] AndroidManifest.xml:24:5-72
62-->[androidx.biometric:biometric:1.1.0] AndroidManifest.xml:24:22-69
63    <uses-permission android:name="android.permission.USE_FINGERPRINT" />
63-->[androidx.biometric:biometric:1.1.0] AndroidManifest.xml:27:5-74
63-->[androidx.biometric:biometric:1.1.0] AndroidManifest.xml:27:22-71
64
65    <permission
65-->[androidx.core:core:1.13.0] AndroidManifest.xml:22:5-24:47
66        android:name="med.Save.medsaveinv.DYNAMIC_RECEIVER_NOT_EXPORTED_PERMISSION"
66-->[androidx.core:core:1.13.0] AndroidManifest.xml:23:9-81
67        android:protectionLevel="signature" />
67-->[androidx.core:core:1.13.0] AndroidManifest.xml:24:9-44
68
69    <uses-permission android:name="med.Save.medsaveinv.DYNAMIC_RECEIVER_NOT_EXPORTED_PERMISSION" />
69-->[androidx.core:core:1.13.0] AndroidManifest.xml:26:5-97
69-->[androidx.core:core:1.13.0] AndroidManifest.xml:26:22-94
70
71    <application
71-->src\main\AndroidManifest.xml:48:5-118:19
72        android:allowBackup="false"
72-->src\main\AndroidManifest.xml:49:9-36
73        android:appComponentFactory="androidx.core.app.CoreComponentFactory"
73-->[androidx.core:core:1.13.0] AndroidManifest.xml:28:18-86
74        android:dataExtractionRules="@xml/data_extraction_rules"
74-->src\main\AndroidManifest.xml:50:9-65
75        android:extractNativeLibs="false"
76        android:fullBackupContent="@xml/backup_rules"
76-->src\main\AndroidManifest.xml:51:9-54
77        android:hardwareAccelerated="false"
77-->src\main\AndroidManifest.xml:52:9-44
78        android:icon="@drawable/appicon"
78-->src\main\AndroidManifest.xml:53:9-41
79        android:label="@string/app_name"
79-->src\main\AndroidManifest.xml:54:9-41
80        android:largeHeap="true"
80-->src\main\AndroidManifest.xml:55:9-33
81        android:networkSecurityConfig="@xml/network_security_config"
81-->src\main\AndroidManifest.xml:56:9-69
82        android:supportsRtl="true"
82-->src\main\AndroidManifest.xml:57:9-35
83        android:theme="@style/Theme.MedsaveInv"
83-->src\main\AndroidManifest.xml:58:9-48
84        android:usesCleartextTraffic="true" >
84-->src\main\AndroidManifest.xml:59:9-44
85        <activity
85-->src\main\AndroidManifest.xml:61:9-65:20
86            android:name="med.Save.medsaveinv.TestActivity"
86-->src\main\AndroidManifest.xml:62:13-60
87            android:exported="true" >
87-->src\main\AndroidManifest.xml:63:13-36
88        </activity>
89        <activity
89-->src\main\AndroidManifest.xml:66:9-70:56
90            android:name="med.Save.medsaveinv.DirectActivity"
90-->src\main\AndroidManifest.xml:67:13-62
91            android:exported="false"
91-->src\main\AndroidManifest.xml:68:13-37
92            android:screenOrientation="portrait" />
92-->src\main\AndroidManifest.xml:69:13-49
93        <activity
93-->src\main\AndroidManifest.xml:71:9-75:56
94            android:name="med.Save.medsaveinv.SurveyFormActivity"
94-->src\main\AndroidManifest.xml:72:13-66
95            android:exported="false"
95-->src\main\AndroidManifest.xml:73:13-37
96            android:screenOrientation="portrait" />
96-->src\main\AndroidManifest.xml:74:13-49
97        <activity
97-->src\main\AndroidManifest.xml:76:9-80:56
98            android:name="med.Save.medsaveinv.InvestigationSearchActivity"
98-->src\main\AndroidManifest.xml:77:13-75
99            android:exported="false"
99-->src\main\AndroidManifest.xml:78:13-37
100            android:screenOrientation="portrait" />
100-->src\main\AndroidManifest.xml:79:13-49
101        <activity
101-->src\main\AndroidManifest.xml:81:9-86:56
102            android:name="med.Save.medsaveinv.LoginActivity"
102-->src\main\AndroidManifest.xml:82:13-61
103            android:exported="false"
103-->src\main\AndroidManifest.xml:83:13-37
104            android:screenOrientation="portrait"
104-->src\main\AndroidManifest.xml:84:13-49
105            android:windowSoftInputMode="adjustResize" />
105-->src\main\AndroidManifest.xml:85:13-55
106        <activity
106-->src\main\AndroidManifest.xml:87:9-97:20
107            android:name="med.Save.medsaveinv.SplashActivity"
107-->src\main\AndroidManifest.xml:88:13-62
108            android:exported="true"
108-->src\main\AndroidManifest.xml:89:13-36
109            android:screenOrientation="portrait" >
109-->src\main\AndroidManifest.xml:90:13-49
110            <intent-filter>
110-->src\main\AndroidManifest.xml:92:13-96:29
111                <action android:name="android.intent.action.MAIN" />
111-->src\main\AndroidManifest.xml:93:17-69
111-->src\main\AndroidManifest.xml:93:25-66
112
113                <category android:name="android.intent.category.LAUNCHER" />
113-->src\main\AndroidManifest.xml:95:17-77
113-->src\main\AndroidManifest.xml:95:27-74
114            </intent-filter>
115        </activity>
116        <activity
116-->src\main\AndroidManifest.xml:98:9-102:56
117            android:name="med.Save.medsaveinv.DashBoradActivity"
117-->src\main\AndroidManifest.xml:99:13-65
118            android:exported="true"
118-->src\main\AndroidManifest.xml:100:13-36
119            android:screenOrientation="portrait" />
119-->src\main\AndroidManifest.xml:101:13-49
120        <activity
120-->src\main\AndroidManifest.xml:103:9-107:56
121            android:name="med.Save.medsaveinv.MainActivity"
121-->src\main\AndroidManifest.xml:104:13-60
122            android:exported="true"
122-->src\main\AndroidManifest.xml:105:13-36
123            android:screenOrientation="portrait" />
123-->src\main\AndroidManifest.xml:106:13-49
124
125        <provider
125-->src\main\AndroidManifest.xml:109:9-117:20
126            android:name="androidx.core.content.FileProvider"
126-->src\main\AndroidManifest.xml:110:13-62
127            android:authorities="med.Save.medsaveinv.fileprovider"
127-->src\main\AndroidManifest.xml:111:13-67
128            android:exported="false"
128-->src\main\AndroidManifest.xml:112:13-37
129            android:grantUriPermissions="true" >
129-->src\main\AndroidManifest.xml:113:13-47
130            <meta-data
130-->src\main\AndroidManifest.xml:114:13-116:54
131                android:name="android.support.FILE_PROVIDER_PATHS"
131-->src\main\AndroidManifest.xml:115:17-67
132                android:resource="@xml/file_paths" />
132-->src\main\AndroidManifest.xml:116:17-51
133        </provider>
134
135        <service
135-->[com.google.firebase:firebase-crashlytics:18.6.4] AndroidManifest.xml:12:9-21:19
136            android:name="com.google.firebase.components.ComponentDiscoveryService"
136-->[com.google.firebase:firebase-crashlytics:18.6.4] AndroidManifest.xml:13:13-84
137            android:directBootAware="true"
137-->[com.google.firebase:firebase-common:20.4.2] AndroidManifest.xml:32:13-43
138            android:exported="false" >
138-->[com.google.firebase:firebase-crashlytics:18.6.4] AndroidManifest.xml:14:13-37
139            <meta-data
139-->[com.google.firebase:firebase-crashlytics:18.6.4] AndroidManifest.xml:15:13-17:85
140                android:name="com.google.firebase.components:com.google.firebase.crashlytics.FirebaseCrashlyticsKtxRegistrar"
140-->[com.google.firebase:firebase-crashlytics:18.6.4] AndroidManifest.xml:16:17-126
141                android:value="com.google.firebase.components.ComponentRegistrar" />
141-->[com.google.firebase:firebase-crashlytics:18.6.4] AndroidManifest.xml:17:17-82
142            <meta-data
142-->[com.google.firebase:firebase-crashlytics:18.6.4] AndroidManifest.xml:18:13-20:85
143                android:name="com.google.firebase.components:com.google.firebase.crashlytics.CrashlyticsRegistrar"
143-->[com.google.firebase:firebase-crashlytics:18.6.4] AndroidManifest.xml:19:17-115
144                android:value="com.google.firebase.components.ComponentRegistrar" />
144-->[com.google.firebase:firebase-crashlytics:18.6.4] AndroidManifest.xml:20:17-82
145            <meta-data
145-->[com.google.firebase:firebase-sessions:1.2.4] AndroidManifest.xml:29:13-31:85
146                android:name="com.google.firebase.components:com.google.firebase.sessions.FirebaseSessionsRegistrar"
146-->[com.google.firebase:firebase-sessions:1.2.4] AndroidManifest.xml:30:17-117
147                android:value="com.google.firebase.components.ComponentRegistrar" />
147-->[com.google.firebase:firebase-sessions:1.2.4] AndroidManifest.xml:31:17-82
148            <meta-data
148-->[com.google.android.gms:play-services-measurement-api:21.6.2] AndroidManifest.xml:37:13-39:85
149                android:name="com.google.firebase.components:com.google.firebase.analytics.connector.internal.AnalyticsConnectorRegistrar"
149-->[com.google.android.gms:play-services-measurement-api:21.6.2] AndroidManifest.xml:38:17-139
150                android:value="com.google.firebase.components.ComponentRegistrar" />
150-->[com.google.android.gms:play-services-measurement-api:21.6.2] AndroidManifest.xml:39:17-82
151            <meta-data
151-->[com.google.firebase:firebase-installations:17.2.0] AndroidManifest.xml:15:13-17:85
152                android:name="com.google.firebase.components:com.google.firebase.installations.FirebaseInstallationsKtxRegistrar"
152-->[com.google.firebase:firebase-installations:17.2.0] AndroidManifest.xml:16:17-130
153                android:value="com.google.firebase.components.ComponentRegistrar" />
153-->[com.google.firebase:firebase-installations:17.2.0] AndroidManifest.xml:17:17-82
154            <meta-data
154-->[com.google.firebase:firebase-installations:17.2.0] AndroidManifest.xml:18:13-20:85
155                android:name="com.google.firebase.components:com.google.firebase.installations.FirebaseInstallationsRegistrar"
155-->[com.google.firebase:firebase-installations:17.2.0] AndroidManifest.xml:19:17-127
156                android:value="com.google.firebase.components.ComponentRegistrar" />
156-->[com.google.firebase:firebase-installations:17.2.0] AndroidManifest.xml:20:17-82
157            <meta-data
157-->[com.google.firebase:firebase-common-ktx:20.4.2] AndroidManifest.xml:12:13-14:85
158                android:name="com.google.firebase.components:com.google.firebase.ktx.FirebaseCommonLegacyRegistrar"
158-->[com.google.firebase:firebase-common-ktx:20.4.2] AndroidManifest.xml:13:17-116
159                android:value="com.google.firebase.components.ComponentRegistrar" />
159-->[com.google.firebase:firebase-common-ktx:20.4.2] AndroidManifest.xml:14:17-82
160            <meta-data
160-->[com.google.firebase:firebase-common:20.4.2] AndroidManifest.xml:35:13-37:85
161                android:name="com.google.firebase.components:com.google.firebase.FirebaseCommonKtxRegistrar"
161-->[com.google.firebase:firebase-common:20.4.2] AndroidManifest.xml:36:17-109
162                android:value="com.google.firebase.components.ComponentRegistrar" />
162-->[com.google.firebase:firebase-common:20.4.2] AndroidManifest.xml:37:17-82
163            <meta-data
163-->[com.google.firebase:firebase-datatransport:18.1.8] AndroidManifest.xml:27:13-29:85
164                android:name="com.google.firebase.components:com.google.firebase.datatransport.TransportRegistrar"
164-->[com.google.firebase:firebase-datatransport:18.1.8] AndroidManifest.xml:28:17-115
165                android:value="com.google.firebase.components.ComponentRegistrar" />
165-->[com.google.firebase:firebase-datatransport:18.1.8] AndroidManifest.xml:29:17-82
166        </service>
167        <service
167-->[com.google.firebase:firebase-sessions:1.2.4] AndroidManifest.xml:22:9-25:40
168            android:name="com.google.firebase.sessions.SessionLifecycleService"
168-->[com.google.firebase:firebase-sessions:1.2.4] AndroidManifest.xml:23:13-80
169            android:enabled="true"
169-->[com.google.firebase:firebase-sessions:1.2.4] AndroidManifest.xml:24:13-35
170            android:exported="false" />
170-->[com.google.firebase:firebase-sessions:1.2.4] AndroidManifest.xml:25:13-37
171
172        <property
172-->[com.google.android.gms:play-services-measurement-api:21.6.2] AndroidManifest.xml:30:9-32:61
173            android:name="android.adservices.AD_SERVICES_CONFIG"
173-->[com.google.android.gms:play-services-measurement-api:21.6.2] AndroidManifest.xml:31:13-65
174            android:resource="@xml/ga_ad_services_config" />
174-->[com.google.android.gms:play-services-measurement-api:21.6.2] AndroidManifest.xml:32:13-58
175
176        <provider
176-->[com.google.firebase:firebase-common:20.4.2] AndroidManifest.xml:23:9-28:39
177            android:name="com.google.firebase.provider.FirebaseInitProvider"
177-->[com.google.firebase:firebase-common:20.4.2] AndroidManifest.xml:24:13-77
178            android:authorities="med.Save.medsaveinv.firebaseinitprovider"
178-->[com.google.firebase:firebase-common:20.4.2] AndroidManifest.xml:25:13-72
179            android:directBootAware="true"
179-->[com.google.firebase:firebase-common:20.4.2] AndroidManifest.xml:26:13-43
180            android:exported="false"
180-->[com.google.firebase:firebase-common:20.4.2] AndroidManifest.xml:27:13-37
181            android:initOrder="100" />
181-->[com.google.firebase:firebase-common:20.4.2] AndroidManifest.xml:28:13-36
182
183        <receiver
183-->[com.google.android.gms:play-services-measurement:21.6.2] AndroidManifest.xml:29:9-33:20
184            android:name="com.google.android.gms.measurement.AppMeasurementReceiver"
184-->[com.google.android.gms:play-services-measurement:21.6.2] AndroidManifest.xml:30:13-85
185            android:enabled="true"
185-->[com.google.android.gms:play-services-measurement:21.6.2] AndroidManifest.xml:31:13-35
186            android:exported="false" >
186-->[com.google.android.gms:play-services-measurement:21.6.2] AndroidManifest.xml:32:13-37
187        </receiver>
188
189        <service
189-->[com.google.android.gms:play-services-measurement:21.6.2] AndroidManifest.xml:35:9-38:40
190            android:name="com.google.android.gms.measurement.AppMeasurementService"
190-->[com.google.android.gms:play-services-measurement:21.6.2] AndroidManifest.xml:36:13-84
191            android:enabled="true"
191-->[com.google.android.gms:play-services-measurement:21.6.2] AndroidManifest.xml:37:13-35
192            android:exported="false" />
192-->[com.google.android.gms:play-services-measurement:21.6.2] AndroidManifest.xml:38:13-37
193        <service
193-->[com.google.android.gms:play-services-measurement:21.6.2] AndroidManifest.xml:39:9-43:72
194            android:name="com.google.android.gms.measurement.AppMeasurementJobService"
194-->[com.google.android.gms:play-services-measurement:21.6.2] AndroidManifest.xml:40:13-87
195            android:enabled="true"
195-->[com.google.android.gms:play-services-measurement:21.6.2] AndroidManifest.xml:41:13-35
196            android:exported="false"
196-->[com.google.android.gms:play-services-measurement:21.6.2] AndroidManifest.xml:42:13-37
197            android:permission="android.permission.BIND_JOB_SERVICE" />
197-->[com.google.android.gms:play-services-measurement:21.6.2] AndroidManifest.xml:43:13-69
198
199        <uses-library
199-->[androidx.privacysandbox.ads:ads-adservices:1.0.0-beta05] AndroidManifest.xml:23:9-25:40
200            android:name="android.ext.adservices"
200-->[androidx.privacysandbox.ads:ads-adservices:1.0.0-beta05] AndroidManifest.xml:24:13-50
201            android:required="false" />
201-->[androidx.privacysandbox.ads:ads-adservices:1.0.0-beta05] AndroidManifest.xml:25:13-37
202
203        <receiver
203-->[com.google.android.gms:play-services-cast-framework:21.4.0] AndroidManifest.xml:19:9-21:40
204            android:name="com.google.android.gms.cast.framework.media.MediaIntentReceiver"
204-->[com.google.android.gms:play-services-cast-framework:21.4.0] AndroidManifest.xml:20:13-91
205            android:exported="false" />
205-->[com.google.android.gms:play-services-cast-framework:21.4.0] AndroidManifest.xml:21:13-37
206
207        <service
207-->[com.google.android.gms:play-services-cast-framework:21.4.0] AndroidManifest.xml:23:9-25:40
208            android:name="com.google.android.gms.cast.framework.ReconnectionService"
208-->[com.google.android.gms:play-services-cast-framework:21.4.0] AndroidManifest.xml:24:13-85
209            android:exported="false" />
209-->[com.google.android.gms:play-services-cast-framework:21.4.0] AndroidManifest.xml:25:13-37
210
211        <activity
211-->[com.google.android.gms:play-services-base:18.3.0] AndroidManifest.xml:20:9-22:45
212            android:name="com.google.android.gms.common.api.GoogleApiActivity"
212-->[com.google.android.gms:play-services-base:18.3.0] AndroidManifest.xml:20:19-85
213            android:exported="false"
213-->[com.google.android.gms:play-services-base:18.3.0] AndroidManifest.xml:22:19-43
214            android:theme="@android:style/Theme.Translucent.NoTitleBar" />
214-->[com.google.android.gms:play-services-base:18.3.0] AndroidManifest.xml:21:19-78
215
216        <meta-data
216-->[com.google.android.gms:play-services-basement:18.3.0] AndroidManifest.xml:21:9-23:69
217            android:name="com.google.android.gms.version"
217-->[com.google.android.gms:play-services-basement:18.3.0] AndroidManifest.xml:22:13-58
218            android:value="@integer/google_play_services_version" />
218-->[com.google.android.gms:play-services-basement:18.3.0] AndroidManifest.xml:23:13-66
219
220        <provider
220-->[androidx.emoji2:emoji2:1.2.0] AndroidManifest.xml:24:9-32:20
221            android:name="androidx.startup.InitializationProvider"
221-->[androidx.emoji2:emoji2:1.2.0] AndroidManifest.xml:25:13-67
222            android:authorities="med.Save.medsaveinv.androidx-startup"
222-->[androidx.emoji2:emoji2:1.2.0] AndroidManifest.xml:26:13-68
223            android:exported="false" >
223-->[androidx.emoji2:emoji2:1.2.0] AndroidManifest.xml:27:13-37
224            <meta-data
224-->[androidx.emoji2:emoji2:1.2.0] AndroidManifest.xml:29:13-31:52
225                android:name="androidx.emoji2.text.EmojiCompatInitializer"
225-->[androidx.emoji2:emoji2:1.2.0] AndroidManifest.xml:30:17-75
226                android:value="androidx.startup" />
226-->[androidx.emoji2:emoji2:1.2.0] AndroidManifest.xml:31:17-49
227            <meta-data
227-->[androidx.lifecycle:lifecycle-process:2.6.2] AndroidManifest.xml:29:13-31:52
228                android:name="androidx.lifecycle.ProcessLifecycleInitializer"
228-->[androidx.lifecycle:lifecycle-process:2.6.2] AndroidManifest.xml:30:17-78
229                android:value="androidx.startup" />
229-->[androidx.lifecycle:lifecycle-process:2.6.2] AndroidManifest.xml:31:17-49
230            <meta-data
230-->[androidx.profileinstaller:profileinstaller:1.3.0] AndroidManifest.xml:29:13-31:52
231                android:name="androidx.profileinstaller.ProfileInstallerInitializer"
231-->[androidx.profileinstaller:profileinstaller:1.3.0] AndroidManifest.xml:30:17-85
232                android:value="androidx.startup" />
232-->[androidx.profileinstaller:profileinstaller:1.3.0] AndroidManifest.xml:31:17-49
233        </provider>
234
235        <uses-library
235-->[androidx.window:window:1.0.0] AndroidManifest.xml:25:9-27:40
236            android:name="androidx.window.extensions"
236-->[androidx.window:window:1.0.0] AndroidManifest.xml:26:13-54
237            android:required="false" />
237-->[androidx.window:window:1.0.0] AndroidManifest.xml:27:13-37
238        <uses-library
238-->[androidx.window:window:1.0.0] AndroidManifest.xml:28:9-30:40
239            android:name="androidx.window.sidecar"
239-->[androidx.window:window:1.0.0] AndroidManifest.xml:29:13-51
240            android:required="false" />
240-->[androidx.window:window:1.0.0] AndroidManifest.xml:30:13-37
241
242        <service
242-->[com.google.android.datatransport:transport-backend-cct:3.1.9] AndroidManifest.xml:28:9-34:19
243            android:name="com.google.android.datatransport.runtime.backends.TransportBackendDiscovery"
243-->[com.google.android.datatransport:transport-backend-cct:3.1.9] AndroidManifest.xml:29:13-103
244            android:exported="false" >
244-->[com.google.android.datatransport:transport-backend-cct:3.1.9] AndroidManifest.xml:30:13-37
245            <meta-data
245-->[com.google.android.datatransport:transport-backend-cct:3.1.9] AndroidManifest.xml:31:13-33:39
246                android:name="backend:com.google.android.datatransport.cct.CctBackendFactory"
246-->[com.google.android.datatransport:transport-backend-cct:3.1.9] AndroidManifest.xml:32:17-94
247                android:value="cct" />
247-->[com.google.android.datatransport:transport-backend-cct:3.1.9] AndroidManifest.xml:33:17-36
248        </service>
249
250        <provider
250-->[com.squareup.picasso:picasso:2.8] AndroidManifest.xml:8:9-11:40
251            android:name="com.squareup.picasso.PicassoProvider"
251-->[com.squareup.picasso:picasso:2.8] AndroidManifest.xml:9:13-64
252            android:authorities="med.Save.medsaveinv.com.squareup.picasso"
252-->[com.squareup.picasso:picasso:2.8] AndroidManifest.xml:10:13-72
253            android:exported="false" />
253-->[com.squareup.picasso:picasso:2.8] AndroidManifest.xml:11:13-37
254
255        <service
255-->[com.google.android.datatransport:transport-runtime:3.1.9] AndroidManifest.xml:26:9-30:19
256            android:name="com.google.android.datatransport.runtime.scheduling.jobscheduling.JobInfoSchedulerService"
256-->[com.google.android.datatransport:transport-runtime:3.1.9] AndroidManifest.xml:27:13-117
257            android:exported="false"
257-->[com.google.android.datatransport:transport-runtime:3.1.9] AndroidManifest.xml:28:13-37
258            android:permission="android.permission.BIND_JOB_SERVICE" >
258-->[com.google.android.datatransport:transport-runtime:3.1.9] AndroidManifest.xml:29:13-69
259        </service>
260
261        <receiver
261-->[com.google.android.datatransport:transport-runtime:3.1.9] AndroidManifest.xml:32:9-34:40
262            android:name="com.google.android.datatransport.runtime.scheduling.jobscheduling.AlarmManagerSchedulerBroadcastReceiver"
262-->[com.google.android.datatransport:transport-runtime:3.1.9] AndroidManifest.xml:33:13-132
263            android:exported="false" />
263-->[com.google.android.datatransport:transport-runtime:3.1.9] AndroidManifest.xml:34:13-37
264        <receiver
264-->[androidx.profileinstaller:profileinstaller:1.3.0] AndroidManifest.xml:34:9-52:20
265            android:name="androidx.profileinstaller.ProfileInstallReceiver"
265-->[androidx.profileinstaller:profileinstaller:1.3.0] AndroidManifest.xml:35:13-76
266            android:directBootAware="false"
266-->[androidx.profileinstaller:profileinstaller:1.3.0] AndroidManifest.xml:36:13-44
267            android:enabled="true"
267-->[androidx.profileinstaller:profileinstaller:1.3.0] AndroidManifest.xml:37:13-35
268            android:exported="true"
268-->[androidx.profileinstaller:profileinstaller:1.3.0] AndroidManifest.xml:38:13-36
269            android:permission="android.permission.DUMP" >
269-->[androidx.profileinstaller:profileinstaller:1.3.0] AndroidManifest.xml:39:13-57
270            <intent-filter>
270-->[androidx.profileinstaller:profileinstaller:1.3.0] AndroidManifest.xml:40:13-42:29
271                <action android:name="androidx.profileinstaller.action.INSTALL_PROFILE" />
271-->[androidx.profileinstaller:profileinstaller:1.3.0] AndroidManifest.xml:41:17-91
271-->[androidx.profileinstaller:profileinstaller:1.3.0] AndroidManifest.xml:41:25-88
272            </intent-filter>
273            <intent-filter>
273-->[androidx.profileinstaller:profileinstaller:1.3.0] AndroidManifest.xml:43:13-45:29
274                <action android:name="androidx.profileinstaller.action.SKIP_FILE" />
274-->[androidx.profileinstaller:profileinstaller:1.3.0] AndroidManifest.xml:44:17-85
274-->[androidx.profileinstaller:profileinstaller:1.3.0] AndroidManifest.xml:44:25-82